<?xml version="1.0" encoding="UTF-8"?>
<!-- Generated by org.testng.reporters.JUnitReportReporter -->
<testsuite hostname="Rajeswari" failures="0" tests="1" name="demo.TestNgDemoClass" time="0.021" errors="0" timestamp="2022-02-04T18:52:04 IST" skipped="0">
  <testcase classname="demo.TestNgDemoClass" name="testCase" time="0.021"/>
  <system-out/>
</testsuite> <!-- demo.TestNgDemoClass -->
